<?xml version="1.0" encoding="UTF-8"?>
<!-- Generated by org.testng.reporters.JUnitReportReporter -->
<testsuite skipped="0" hostname="LAP-KARTHIGA" name="jobs.herokku.testCases.TC001_Get_All_Jobs" tests="9" failures="0" timestamp="2022-06-07T17:46:22 CDT" time="0.084" errors="0">
  <testcase name="checkResposeBody" time="0.015" classname="jobs.herokku.testCases.TC001_Get_All_Jobs"/>
  <system-out/>
  <testcase name="checkStatusCodeAndSchema" time="0.038" classname="jobs.herokku.testCases.TC001_Get_All_Jobs"/>
  <system-out/>
  <testcase name="checkResponseTime" time="0.000" classname="jobs.herokku.testCases.TC001_Get_All_Jobs"/>
  <system-out/>
  <testcase name="checkstatusLine" time="0.000" classname="jobs.herokku.testCases.TC001_Get_All_Jobs"/>
  <system-out/>
  <testcase name="checkContentType" time="0.015" classname="jobs.herokku.testCases.TC001_Get_All_Jobs"/>
  <system-out/>
  <testcase name="checkserverType" time="0.000" classname="jobs.herokku.testCases.TC001_Get_All_Jobs"/>
  <system-out/>
  <testcase name="checkContentLenght" time="0.000" classname="jobs.herokku.testCases.TC001_Get_All_Jobs"/>
  <system-out/>
  <testcase name="checkContentEncoding" time="0.016" classname="jobs.herokku.testCases.TC001_Get_All_Jobs"/>
  <system-out/>
  <testcase name="checkAllHeaders" time="0.000" classname="jobs.herokku.testCases.TC001_Get_All_Jobs"/>
  <system-out/>
</testsuite> <!-- jobs.herokku.testCases.TC001_Get_All_Jobs -->
