<?xml version="1.0" encoding="UTF-8"?>
<!-- Generated by org.testng.reporters.JUnitReportReporter -->
<testsuite skipped="0" hostname="LAP-KARTHIGA" name="jobs.herokku.testCases.TC004_Put_Job_Update" tests="5" failures="0" timestamp="2022-06-07T17:46:22 CDT" time="0.832" errors="0">
  <testcase name="checkserverType" time="0.000" classname="jobs.herokku.testCases.TC004_Put_Job_Update"/>
  <system-out/>
  <testcase name="checkContentType" time="0.000" classname="jobs.herokku.testCases.TC004_Put_Job_Update"/>
  <system-out/>
  <testcase name="checkResposeBody" time="0.022" classname="jobs.herokku.testCases.TC004_Put_Job_Update"/>
  <system-out/>
  <testcase name="checkStatusCodeAndSchema" time="0.810" classname="jobs.herokku.testCases.TC004_Put_Job_Update"/>
  <system-out/>
  <testcase name="checkstatusLine" time="0.000" classname="jobs.herokku.testCases.TC004_Put_Job_Update"/>
  <system-out/>
</testsuite> <!-- jobs.herokku.testCases.TC004_Put_Job_Update -->
