<?xml version="1.0" encoding="UTF-8"?>
<!-- Generated by org.testng.reporters.JUnitReportReporter -->
<testsuite skipped="0" hostname="LAP-KARTHIGA" name="jobs.herokku.testCases.TC005_Delete_Job" tests="5" failures="0" timestamp="2022-06-07T17:46:22 CDT" time="0.031" errors="0">
  <testcase name="checkcontentEncoding" time="0.000" classname="jobs.herokku.testCases.TC005_Delete_Job"/>
  <system-out/>
  <testcase name="checkContentType" time="0.000" classname="jobs.herokku.testCases.TC005_Delete_Job"/>
  <system-out/>
  <testcase name="checkstatusLine" time="0.000" classname="jobs.herokku.testCases.TC005_Delete_Job"/>
  <system-out/>
  <testcase name="checkserverType" time="0.000" classname="jobs.herokku.testCases.TC005_Delete_Job"/>
  <system-out/>
  <testcase name="checkStatusCodeAndSchema" time="0.031" classname="jobs.herokku.testCases.TC005_Delete_Job"/>
  <system-out/>
</testsuite> <!-- jobs.herokku.testCases.TC005_Delete_Job -->
