<?xml version="1.0" encoding="UTF-8"?>
<!-- Generated by org.testng.reporters.JUnitReportReporter -->
<testsuite skipped="0" hostname="LAP-KARTHIGA" name="jobs.herokku.testCases.TC002_Post_Job_Details" tests="3" failures="0" timestamp="2022-06-07T17:46:22 CDT" time="0.416" errors="0">
  <testcase name="postNewJobDetails" time="0.316" classname="jobs.herokku.testCases.TC002_Post_Job_Details"/>
  <system-out/>
  <testcase name="checkStatusCodeAndSchema" time="0.042" classname="jobs.herokku.testCases.TC002_Post_Job_Details"/>
  <system-out/>
  <testcase name="checkResposeBody" time="0.058" classname="jobs.herokku.testCases.TC002_Post_Job_Details"/>
  <system-out/>
</testsuite> <!-- jobs.herokku.testCases.TC002_Post_Job_Details -->
